<?xml version="1.0" encoding="UTF-8"?>
<coverage generated="1709069570289" clover="3.2.0">
  <project timestamp="1709069570289" name="All files">
    <metrics statements="10" coveredstatements="10" conditionals="5" coveredconditionals="5" methods="1" coveredmethods="1" elements="16" coveredelements="16" complexity="0" loc="10" ncloc="10" packages="1" files="1" classes="1"/>
    <file name="utils.ts" path="/home/govinda/personal/make-cv/src/utils.ts">
      <metrics statements="10" coveredstatements="10" conditionals="5" coveredconditionals="5" methods="1" coveredmethods="1"/>
      <line num="2" count="10" type="stmt"/>
      <line num="3" count="10" type="cond" truecount="1" falsecount="0"/>
      <line num="4" count="2" type="stmt"/>
      <line num="7" count="8" type="stmt"/>
      <line num="9" count="1" type="stmt"/>
      <line num="11" count="9" type="cond" truecount="1" falsecount="0"/>
      <line num="12" count="4" type="stmt"/>
      <line num="15" count="5" type="cond" truecount="1" falsecount="0"/>
      <line num="16" count="5" type="stmt"/>
      <line num="21" count="1" type="stmt"/>
    </file>
  </project>
</coverage>
