{"/home/govinda/personal/make-cv/src/utils.ts": {"path":"/home/govinda/personal/make-cv/src/utils.ts","statementMap":{"0":{"start":{"line":2,"column":2},"end":{"line":18,"column":3}},"1":{"start":{"line":3,"column":4},"end":{"line":5,"column":5}},"2":{"start":{"line":4,"column":6},"end":{"line":4,"column":24}},"3":{"start":{"line":7,"column":24},"end":{"line":7,"column":41}},"4":{"start":{"line":9,"column":4},"end":{"line":9,"column":23}},"5":{"start":{"line":11,"column":4},"end":{"line":13,"column":5}},"6":{"start":{"line":12,"column":6},"end":{"line":12,"column":null}},"7":{"start":{"line":15,"column":4},"end":{"line":17,"column":5}},"8":{"start":{"line":16,"column":6},"end":{"line":16,"column":null}},"9":{"start":{"line":21,"column":9},"end":{"line":21,"column":22}}},"fnMap":{"0":{"name":"safeJsonParse","decl":{"start":{"line":1,"column":9},"end":{"line":1,"column":22}},"loc":{"start":{"line":1,"column":78},"end":{"line":19,"column":1}}}},"branchMap":{"0":{"loc":{"start":{"line":1,"column":23},"end":{"line":1,"column":41}},"type":"default-arg","locations":[{"start":{"line":1,"column":39},"end":{"line":1,"column":41}}]},"1":{"loc":{"start":{"line":1,"column":43},"end":{"line":1,"column":78}},"type":"default-arg","locations":[{"start":{"line":1,"column":70},"end":{"line":1,"column":78}}]},"2":{"loc":{"start":{"line":3,"column":4},"end":{"line":5,"column":5}},"type":"if","locations":[{"start":{"line":3,"column":4},"end":{"line":5,"column":5}}]},"3":{"loc":{"start":{"line":11,"column":4},"end":{"line":13,"column":5}},"type":"if","locations":[{"start":{"line":11,"column":4},"end":{"line":13,"column":5}}]},"4":{"loc":{"start":{"line":15,"column":4},"end":{"line":17,"column":5}},"type":"if","locations":[{"start":{"line":15,"column":4},"end":{"line":17,"column":5}}]}},"s":{"0":10,"1":10,"2":2,"3":8,"4":1,"5":9,"6":4,"7":5,"8":5,"9":1},"f":{"0":10},"b":{"0":[4],"1":[1],"2":[2],"3":[4],"4":[5]}}
}
